<?xml version="1.0" encoding="UTF-8"?>
<!-- Generated by org.testng.reporters.JUnitXMLReporter -->
<testsuite ignored="0" hostname="LAPTOP-NPL8D5PD" failures="0" tests="3" name="Default test" time="0.227" errors="0" timestamp="2025-01-15T17:33:46 GMT">
  <testcase classname="testing.JunitTests" name="assertAmountofRows" time="0.117"/>
  <testcase classname="testing.JunitTests" name="assertTrue" time="0.003"/>
  <testcase classname="testing.JunitTests" name="chechIfException" time="0.013"/>
</testsuite> <!-- Default test -->
